loading
Loading cached dataset...
collecting gradient statistics
IndRNN loaded for gpu 0
tuning hyperparameters
53.143436
52.46379
52.157635
52.1524
52.444283
53.091904
53.274097
52.52745
52.163555
52.10608
52.27541
52.60825
53.389618
52.62556
52.210995
52.096725
52.155445
52.562405
53.4815
52.70076
52.263577
52.145126
52.18423
52.45095
53.575596
52.778957
52.3065
52.184006
52.20215
52.45728
53.641712
52.847946
52.35928
52.211433
52.16894
52.4954
53.71507
52.89343
52.39709
52.194904
52.20572
52.67802
best hyperparams: lr = 2.4e-06 lamb = 0.016
getting validation and test error
validation perplexity loss: 52.12436
test perplexity loss: 50.968212
