Namespace(MAG=2, act='relu', batch_size=128, decayfactor=0.0001, dropout=0.25, gradclipvalue=10, hidden_size=2000, ini_b=0.0, ini_in2hid=0.005, lr=0.0002, num_layers=6, opti='adam', pThre=50, residual_block=3, residual_layers=2, seq_len=50, unit_factor=1, use_residual=False, use_weightdecay_nohiddenW=True)
voc 50
/home/sl669/cPTB/cuda_IndRNN_onlyrecurrent.py:217: UserWarning: nn.init.uniform is now deprecated in favor of nn.init.uniform_.
  nn.init.uniform(weight, a=0, b=1)
/home/sl669/cPTB/language_model.py:97: UserWarning: nn.init.kaiming_uniform is now deprecated in favor of nn.init.kaiming_uniform_.
  torch.nn.init.kaiming_uniform(param, a=2, mode='fan_in')
IndRNN loaded for gpu 0
train perp and bpc:  13315288.9994 6.77059905404
eval perp and bpc:  20.3436064798 4.34638669061
train perp and bpc:  29.0563618939 4.81615027249
eval perp and bpc:  20.242321202 4.3392099318
train perp and bpc:  22.0388975131 4.46046477777
eval perp and bpc:  20.270408005 4.34121376569
train perp and bpc:  21.0979800267 4.39886613459
eval perp and bpc:  20.2461472183 4.33948954598
train perp and bpc:  20.6597568639 4.36863977973
eval perp and bpc:  20.1845569923 4.33509516325
train perp and bpc:  20.4129186974 4.35131522492
eval perp and bpc:  20.352830668 4.34705376234
train perp and bpc:  16.3106041545 3.93392656803
eval perp and bpc:  6.39994891745 2.6775831629
train perp and bpc:  4.93727133527 2.28961158849
eval perp and bpc:  3.75390941589 1.90798141722
train perp and bpc:  3.84348845177 1.94098882444
eval perp and bpc:  3.36465133214 1.7500702045
train perp and bpc:  3.5044874944 1.80858275686
eval perp and bpc:  3.18367791567 1.67034231248
train perp and bpc:  3.32025258294 1.73085761329
eval perp and bpc:  3.0802607849 1.62268955786
train perp and bpc:  3.20601314573 1.68041567617
eval perp and bpc:  3.00810718146 1.58847899711
train perp and bpc:  3.11816723045 1.64037535763
eval perp and bpc:  2.95218460677 1.5613907302
train perp and bpc:  3.05437791698 1.61057717042
eval perp and bpc:  2.91261146499 1.54192615728
train perp and bpc:  3.01001936114 1.58948357946
eval perp and bpc:  2.87766436671 1.52448243587
train perp and bpc:  2.96638710197 1.5684227071
eval perp and bpc:  2.8479307245 1.50951460737
train perp and bpc:  2.93730106938 1.55422442444
eval perp and bpc:  2.827750163 1.49922273589
train perp and bpc:  2.90709779668 1.53930495266
eval perp and bpc:  2.80519613672 1.48766213362
train perp and bpc:  2.88624247311 1.52893749873
eval perp and bpc:  2.79241381708 1.48107058885
train perp and bpc:  2.87174319429 1.52166612075
eval perp and bpc:  2.76945619505 1.4691670664
train perp and bpc:  2.84880749994 1.51009961761
eval perp and bpc:  2.76296410013 1.46574291636
train perp and bpc:  2.83499271172 1.50308806854
eval perp and bpc:  2.75106720846 1.45952395924
train perp and bpc:  2.81848793742 1.49467141647
eval perp and bpc:  2.7391130377 1.45325240933
train perp and bpc:  2.80410975241 1.48728775202
eval perp and bpc:  2.73383386018 1.45045352373
train perp and bpc:  2.79803412171 1.48417919851
eval perp and bpc:  2.72210631214 1.44425128522
train perp and bpc:  2.78427524889 1.47706001639
eval perp and bpc:  2.71427141252 1.44006396708
train perp and bpc:  2.77209232624 1.47070636801
eval perp and bpc:  2.70801156857 1.43675013448
train perp and bpc:  2.76197575548 1.46545281751
eval perp and bpc:  2.70499170413 1.43513719567
train perp and bpc:  2.76452950895 1.46679077553
eval perp and bpc:  2.702395232 1.43377412538
train perp and bpc:  2.76058484524 1.46471517403
eval perp and bpc:  2.69434350436 1.42944940778
train perp and bpc:  2.748252242 1.45826808627
eval perp and bpc:  2.68354429573 1.42363183029
train perp and bpc:  2.740769868 1.45432947452
eval perp and bpc:  2.68308480841 1.42341032966
train perp and bpc:  2.73520847786 1.451412985
eval perp and bpc:  2.68052581099 1.4220228801
train perp and bpc:  2.72890878059 1.44807107984
eval perp and bpc:  2.67308020201 1.41799037965
train perp and bpc:  2.71994485861 1.44330692672
eval perp and bpc:  2.67251625999 1.41771803723
train perp and bpc:  2.72092424377 1.44383665428
eval perp and bpc:  2.67160467632 1.41721505806
train perp and bpc:  2.71225377365 1.43924813161
eval perp and bpc:  2.67170100525 1.4172729801
train perp and bpc:  2.710669984 1.43839093019
eval perp and bpc:  2.66052110078 1.4112172674
train perp and bpc:  2.70395168491 1.43480231372
eval perp and bpc:  2.65911691306 1.41043518215
train perp and bpc:  2.69604230018 1.43058535362
eval perp and bpc:  2.66193137013 1.41196444777
train perp and bpc:  2.69836358092 1.4318302783
eval perp and bpc:  2.68762401284 1.42585718436
train perp and bpc:  2.69100441847 1.42791301872
eval perp and bpc:  2.65409736164 1.40771641106
train perp and bpc:  2.68347650896 1.42385658709
eval perp and bpc:  2.6499891242 1.40547732838
train perp and bpc:  2.68902827679 1.42682974655
eval perp and bpc:  2.64650114638 1.40359055019
train perp and bpc:  2.678872152 1.42136912282
eval perp and bpc:  2.6403975604 1.40023064613
train perp and bpc:  2.67960866962 1.42177254456
eval perp and bpc:  2.63884227393 1.39940343919
train perp and bpc:  2.6843755772 1.4243332953
eval perp and bpc:  2.63078494932 1.39499932625
train perp and bpc:  2.67180242331 1.41756000647
eval perp and bpc:  2.6315571871 1.39541055922
train perp and bpc:  2.66588920956 1.41437888617
eval perp and bpc:  2.63048480769 1.39481768647
train perp and bpc:  2.66973027111 1.41643908883
eval perp and bpc:  2.63099440199 1.39508632558
train perp and bpc:  2.66265762081 1.41258454155
eval perp and bpc:  2.63071536627 1.39495224249
train perp and bpc:  2.65741764631 1.40975730447
eval perp and bpc:  2.62687273495 1.39282097973
train perp and bpc:  2.65274921261 1.40724617464
eval perp and bpc:  2.62074096476 1.38947819882
train perp and bpc:  2.66050473514 1.41144966394
eval perp and bpc:  2.64002478318 1.40005373368
train perp and bpc:  2.65098619552 1.4062693046
eval perp and bpc:  2.62157277592 1.38990181196
train perp and bpc:  2.64598547666 1.40354426002
eval perp and bpc:  2.62197211922 1.39013465311
train perp and bpc:  2.65256634556 1.40713365294
eval perp and bpc:  2.61545250455 1.3865148943
train perp and bpc:  2.64532594328 1.4032047107
eval perp and bpc:  2.62567127728 1.39216214712
train perp and bpc:  2.6437547624 1.4023275756
eval perp and bpc:  2.61321133473 1.38530951445
train perp and bpc:  2.63759656732 1.39896332167
eval perp and bpc:  2.60730035188 1.38202398331
train perp and bpc:  2.63542638337 1.39776955741
eval perp and bpc:  2.61116337385 1.38416763212
train perp and bpc:  2.63301474868 1.39647013855
eval perp and bpc:  2.60759734717 1.38217973709
train perp and bpc:  2.62880380248 1.39414930283
eval perp and bpc:  2.6090220936 1.3829622425
train perp and bpc:  2.64145969462 1.40109343912
eval perp and bpc:  2.60725520869 1.38196830867
train perp and bpc:  2.6329589767 1.39645560628
eval perp and bpc:  2.6105558325 1.38381026221
train perp and bpc:  2.6291616033 1.39432514079
eval perp and bpc:  2.60792060758 1.38235919202
train perp and bpc:  2.63008832262 1.39485103265
eval perp and bpc:  2.60118590027 1.37864491783
train perp and bpc:  2.62523826207 1.39219444039
eval perp and bpc:  2.60090168969 1.37844194741
train perp and bpc:  2.620665148 1.38971045495
eval perp and bpc:  2.6026250378 1.37943395239
train perp and bpc:  2.63607615834 1.39812336799
eval perp and bpc:  2.58626031094 1.37036026501
train perp and bpc:  2.62461913226 1.39184991884
eval perp and bpc:  2.60285650316 1.37957852395
train perp and bpc:  2.61955899632 1.38906599035
eval perp and bpc:  2.59447109113 1.37490318056
train perp and bpc:  2.62181952995 1.39031034959
eval perp and bpc:  2.59499507263 1.37519308974
train perp and bpc:  2.61718608289 1.38776710588
eval perp and bpc:  2.58674714214 1.37061609987
train perp and bpc:  2.61770361258 1.38805393256
eval perp and bpc:  2.60000264058 1.3779862142
train perp and bpc:  2.61111514596 1.38440236461
eval perp and bpc:  2.59939976989 1.37765286985
train perp and bpc:  2.61713145367 1.38773159597
eval perp and bpc:  2.59265939134 1.37387701918
train perp and bpc:  2.61039941521 1.38402194538
eval perp and bpc:  2.59305975867 1.37413200394
train perp and bpc:  2.60696090318 1.38209585029
eval perp and bpc:  2.59014236732 1.37249756837
train perp and bpc:  2.60350993097 1.38018629225
eval perp and bpc:  2.58435335706 1.36926204846
train perp and bpc:  2.61363814069 1.38577985352
eval perp and bpc:  2.59380028287 1.37454015701
train perp and bpc:  2.6029082386 1.37987466364
eval perp and bpc:  2.58347720005 1.36879480081
train perp and bpc:  2.59942257754 1.37793682559
eval perp and bpc:  2.58262830484 1.36828179633
train perp and bpc:  2.5959520413 1.37598975043
eval perp and bpc:  2.58276039655 1.36836437124
train perp and bpc:  2.60861744795 1.38303353808
eval perp and bpc:  2.58393962266 1.36900128497
train perp and bpc:  2.60062129318 1.37861155017
eval perp and bpc:  2.58722575766 1.37085853248
train perp and bpc:  2.59910496228 1.37774154312
eval perp and bpc:  2.56942251471 1.36090493788
train perp and bpc:  2.59951247018 1.37799753357
eval perp and bpc:  2.58380191053 1.36895194992
train perp and bpc:  2.59586301343 1.37595921108
eval perp and bpc:  2.58553772676 1.36990968517
train perp and bpc:  2.59193547384 1.37375310889
eval perp and bpc:  2.57876101869 1.36613171609
train perp and bpc:  2.59929575713 1.37787510472
eval perp and bpc:  2.57925007773 1.36639911229
train perp and bpc:  2.59042476359 1.37294205243
eval perp and bpc:  2.57905141643 1.36632413161
train perp and bpc:  2.58615513049 1.37054357614
eval perp and bpc:  2.58507190767 1.36967544087
train perp and bpc:  2.5956920192 1.37587369128
eval perp and bpc:  2.57847126976 1.36594666028
train perp and bpc:  2.60414257695 1.38055153566
eval perp and bpc:  2.57579452483 1.36447198274
train perp and bpc:  2.59359115994 1.37469221943
eval perp and bpc:  2.57551194801 1.36429652816
train perp and bpc:  2.5909022204 1.37318332929
eval perp and bpc:  2.57721385409 1.36526169152
train perp and bpc:  2.59039229086 1.37291665872
eval perp and bpc:  2.57764051781 1.36549555474
train perp and bpc:  2.58897624619 1.37209765147
eval perp and bpc:  2.57670759373 1.36497090684
train perp and bpc:  2.58541024416 1.37013824933
eval perp and bpc:  2.57491767993 1.36399410592
train perp and bpc:  2.59112300057 1.37330523
eval perp and bpc:  2.57876950796 1.36615632987
train perp and bpc:  2.58482161731 1.36982527912
eval perp and bpc:  2.56994521422 1.36117586738
train perp and bpc:  2.58751219473 1.37129831817
eval perp and bpc:  2.56989773375 1.36116317843
train perp and bpc:  2.58512541496 1.3699982827
eval perp and bpc:  2.56899101226 1.360636332
train perp and bpc:  2.58118530221 1.36779395298
eval perp and bpc:  2.57126135904 1.36192471668
train perp and bpc:  2.58488258944 1.36982296192
eval perp and bpc:  2.56765756842 1.35988349602
train perp and bpc:  2.57949506338 1.36685302857
eval perp and bpc:  2.57441193549 1.36366766593
train perp and bpc:  2.57782682301 1.36590119918
eval perp and bpc:  2.57388004709 1.3633823512
train perp and bpc:  2.58338840437 1.36899387212
eval perp and bpc:  2.56693299481 1.35950141266
train perp and bpc:  2.57791402422 1.3659427102
eval perp and bpc:  2.56351286075 1.35754822121
train perp and bpc:  2.57376433698 1.3636154789
eval perp and bpc:  2.56644638249 1.3591965476
train perp and bpc:  2.58118022478 1.3677824897
eval perp and bpc:  2.5719530387 1.3623059304
train perp and bpc:  2.57436402578 1.36394430136
eval perp and bpc:  2.56617268578 1.3590394493
train perp and bpc:  2.57790467109 1.36592563328
eval perp and bpc:  2.56872702817 1.36047832106
train perp and bpc:  2.57527523479 1.36448015716
eval perp and bpc:  2.57242102701 1.3625473683
train perp and bpc:  2.57537208937 1.36450731206
eval perp and bpc:  2.55850422187 1.35473273621
train perp and bpc:  2.57337632033 1.36339216808
eval perp and bpc:  2.56704401188 1.35955921157
train perp and bpc:  2.57287832847 1.3631162986
eval perp and bpc:  2.56257406219 1.35705025079
train perp and bpc:  2.57338580105 1.36342063093
eval perp and bpc:  2.56595818723 1.35893916302
train perp and bpc:  2.56980939143 1.36141666812
eval perp and bpc:  2.56576417704 1.35884469259
train perp and bpc:  2.57458342781 1.36408471696
eval perp and bpc:  2.56598586723 1.35893897932
train perp and bpc:  2.57053801657 1.36182935743
eval perp and bpc:  2.56566412332 1.35879127119
train perp and bpc:  2.5650415521 1.35874410151
eval perp and bpc:  2.56090993959 1.35607548424
train perp and bpc:  2.5647166908 1.35855252
eval perp and bpc:  2.56235515485 1.3569297986
train perp and bpc:  2.5759517093 1.36483882472
eval perp and bpc:  2.5632320662 1.35740942056
train perp and bpc:  2.56655780962 1.35959031984
eval perp and bpc:  2.57184009083 1.36223120768
train perp and bpc:  2.57247282414 1.36290383583
eval perp and bpc:  2.56413172894 1.35788572421
train perp and bpc:  2.56664564814 1.35961561109
eval perp and bpc:  2.56093750625 1.35611486044
train perp and bpc:  2.56306087103 1.35761046257
eval perp and bpc:  2.55687191056 1.35378654863
train perp and bpc:  2.56052864435 1.35618885678
eval perp and bpc:  2.55712398936 1.35394653531
train perp and bpc:  2.57117156568 1.3621637978
eval perp and bpc:  2.55297420455 1.35156941805
train perp and bpc:  2.56342827101 1.35780945729
eval perp and bpc:  2.55914348462 1.3551076592
train perp and bpc:  2.57815952837 1.36607692114
eval perp and bpc:  2.56115501435 1.35624407549
train perp and bpc:  2.56592093787 1.35923626048
eval perp and bpc:  2.55951894307 1.35530637718
train perp and bpc:  2.56335275292 1.35776995851
eval perp and bpc:  2.55376286194 1.35203390825
train perp and bpc:  2.55940752377 1.35554098032
eval perp and bpc:  2.56291774844 1.35721443716
train perp and bpc:  2.55607536195 1.35367697652
eval perp and bpc:  2.55486301516 1.35266853161
train perp and bpc:  2.56870036198 1.36078709509
eval perp and bpc:  2.55520933964 1.35288335065
train perp and bpc:  2.5606489961 1.35626795405
eval perp and bpc:  2.5592294951 1.35512962107
train perp and bpc:  2.5612904115 1.3566118255
eval perp and bpc:  2.55382241968 1.35206547917
train perp and bpc:  2.57294163332 1.36315790964
eval perp and bpc:  2.55225645519 1.35122463351
train perp and bpc:  2.55882707501 1.35521341101
eval perp and bpc:  2.5522658395 1.35119834103
train perp and bpc:  2.55523558229 1.35319195823
eval perp and bpc:  2.54701397067 1.34823806559
train perp and bpc:  2.55324496772 1.35206908437
eval perp and bpc:  2.55342930262 1.35188331565
train perp and bpc:  2.55219287525 1.35146033353
eval perp and bpc:  2.54537537841 1.34732987451
train perp and bpc:  2.54997500667 1.35022627622
eval perp and bpc:  2.55310873907 1.35169173264
train perp and bpc:  2.5490175749 1.34967023096
eval perp and bpc:  2.55167658993 1.35090130861
train perp and bpc:  2.54682613789 1.34842302364
eval perp and bpc:  2.54576764732 1.34752724014
train perp and bpc:  2.56898352896 1.3609362084
eval perp and bpc:  2.55098437481 1.35051621179
train perp and bpc:  2.54974541628 1.35008982909
eval perp and bpc:  2.54940689978 1.34959910541
train perp and bpc:  2.56600010502 1.35925383053
eval perp and bpc:  2.5477864156 1.34867998811
train perp and bpc:  2.5632754712 1.35773417807
eval perp and bpc:  2.54637358619 1.34786800478
train perp and bpc:  2.55323555217 1.35207141907
eval perp and bpc:  2.55281879472 1.35154710246
train perp and bpc:  2.54882475943 1.34955445453
eval perp and bpc:  2.54859238374 1.3491232102
train perp and bpc:  2.56211939138 1.35706453549
eval perp and bpc:  2.55318611176 1.35170168564
train perp and bpc:  2.5503471802 1.35042235693
eval perp and bpc:  2.54620189745 1.34777301648
train perp and bpc:  2.55938280588 1.35554214806
eval perp and bpc:  2.55039405432 1.35015785108
train perp and bpc:  2.55050733689 1.35052461505
eval perp and bpc:  2.54637217522 1.34785525916
train perp and bpc:  2.55593189121 1.35358434771
eval perp and bpc:  2.54622664608 1.34775301472
train perp and bpc:  2.54908557291 1.34970603135
eval perp and bpc:  2.54821071859 1.34887248571
train perp and bpc:  2.55392137981 1.35246156915
eval perp and bpc:  2.55232181705 1.35122436969
train perp and bpc:  2.5635600227 1.35788708552
eval perp and bpc:  2.54327665782 1.34610011929
train perp and bpc:  2.55180187457 1.35124382251
eval perp and bpc:  2.54122800514 1.34492884503
train perp and bpc:  2.55547268455 1.35332997168
eval perp and bpc:  2.55003004778 1.34990963389
train perp and bpc:  2.55066293501 1.35060917433
eval perp and bpc:  2.5454219482 1.34733014615
train perp and bpc:  2.54691293809 1.34847577169
eval perp and bpc:  2.53932024612 1.34389647695
train perp and bpc:  2.55512396312 1.35314639211
eval perp and bpc:  2.54038991694 1.34447603148
train perp and bpc:  2.54889916338 1.34963202933
eval perp and bpc:  2.54959385512 1.34970044308
train perp and bpc:  2.54920048519 1.34975464286
eval perp and bpc:  2.54497211097 1.3470591678
train perp and bpc:  2.54580917973 1.3478486579
eval perp and bpc:  2.53498776233 1.34140300751
train perp and bpc:  2.55108241438 1.35086514012
eval perp and bpc:  2.54418187063 1.3466100126
train perp and bpc:  2.54660836734 1.3483335034
eval perp and bpc:  2.54327527421 1.34612407059
train perp and bpc:  2.54788729118 1.34902334518
eval perp and bpc:  2.5344754008 1.34106120125
train perp and bpc:  2.54833245308 1.34930853323
eval perp and bpc:  2.58566829416 1.36975668493
train perp and bpc:  2.5455910176 1.3477294509
eval perp and bpc:  2.54566864107 1.34743723713
train perp and bpc:  2.5436064996 1.34662355759
eval perp and bpc:  2.55904678439 1.35500660881
train perp and bpc:  2.55224502041 1.35150674964
eval perp and bpc:  2.54400582783 1.34650078367
train perp and bpc:  2.54370539947 1.34668004178
eval perp and bpc:  2.54268511788 1.34575477194
train perp and bpc:  2.54050773496 1.34485416379
eval perp and bpc:  2.54252391956 1.34566321725
train perp and bpc:  2.54985107072 1.35014070329
eval perp and bpc:  2.53790737762 1.34306968236
train perp and bpc:  2.54316383791 1.34634565713
eval perp and bpc:  2.54412278973 1.34654344692
train perp and bpc:  2.54596050611 1.34796011692
eval perp and bpc:  2.54192885024 1.34533808466
train perp and bpc:  2.54384618609 1.3467542029
eval perp and bpc:  2.54500256601 1.34708388516
train perp and bpc:  2.54483174182 1.34732435764
eval perp and bpc:  2.5366413906 1.34232314297
train perp and bpc:  2.5405915566 1.3448998211
eval perp and bpc:  2.54717988655 1.34830557323
train perp and bpc:  2.54671444016 1.3483724212
eval perp and bpc:  2.54539785229 1.34730493436
train perp and bpc:  2.54128607571 1.34528669239
eval perp and bpc:  2.55154537373 1.35079567159
train perp and bpc:  2.54513994944 1.34749845877
eval perp and bpc:  2.55140648904 1.35069065993
train perp and bpc:  2.53944941194 1.34427937877
eval perp and bpc:  2.54132045683 1.34500323554
train perp and bpc:  2.53774558265 1.34330656443
eval perp and bpc:  2.55251089471 1.35132414982
train perp and bpc:  2.54642907139 1.34821362255
eval perp and bpc:  2.53703522682 1.3425695134
train perp and bpc:  2.54004726312 1.34459886438
eval perp and bpc:  2.53369241464 1.3406491006
train perp and bpc:  2.53866217937 1.34381899599
eval perp and bpc:  2.5402891675 1.34438850059
train perp and bpc:  2.5362525239 1.34244598694
eval perp and bpc:  2.5460949804 1.34768325384
train perp and bpc:  2.54802078184 1.34911621226
eval perp and bpc:  2.53987173174 1.34413767056
train perp and bpc:  2.54148278383 1.34539378816
eval perp and bpc:  2.53575219874 1.3418374941
train perp and bpc:  2.54172961952 1.3455751096
eval perp and bpc:  2.53598855753 1.34195049473
train perp and bpc:  2.54170214962 1.34552349822
eval perp and bpc:  2.54088999404 1.34475646058
train perp and bpc:  2.53905236584 1.34404440386
eval perp and bpc:  2.54232561784 1.34555265552
train perp and bpc:  2.53738411359 1.3430978722
eval perp and bpc:  2.53782392721 1.34298493041
train perp and bpc:  2.5442841799 1.34697969785
eval perp and bpc:  2.53327535801 1.34036721558
train perp and bpc:  2.53911409646 1.34407166549
eval perp and bpc:  2.53795426791 1.34305680775
train perp and bpc:  2.53673305274 1.3427199413
eval perp and bpc:  2.53779430468 1.34298503399
train perp and bpc:  2.54348734482 1.34654953684
eval perp and bpc:  2.54699933333 1.34823636149
train perp and bpc:  2.53786683022 1.343339873
eval perp and bpc:  2.54107143449 1.34484517965
train perp and bpc:  2.53398262982 1.34115305684
eval perp and bpc:  2.54884347759 1.34926953472
train perp and bpc:  2.54420791184 1.34696374558
eval perp and bpc:  2.54578049456 1.34751849292
train perp and bpc:  2.53686712467 1.34277781429
eval perp and bpc:  2.53777678677 1.34297009179
train perp and bpc:  2.54201774153 1.34570375926
eval perp and bpc:  2.54930267959 1.34953243224
train perp and bpc:  2.54022567208 1.34468885156
eval perp and bpc:  2.54389699952 1.34647343393
train perp and bpc:  2.53562463502 1.34207100521
eval perp and bpc:  2.54025128239 1.34438391983
train perp and bpc:  2.53325869997 1.34072382758
eval perp and bpc:  2.53993566701 1.34419341556
train perp and bpc:  2.54568344514 1.3477882529
eval perp and bpc:  2.53991066042 1.3442000991
train perp and bpc:  2.53729959557 1.34303721173
eval perp and bpc:  2.54149385358 1.34508543132
train perp and bpc:  2.53754698058 1.34315902413
eval perp and bpc:  2.53516126461 1.34151108148
train perp and bpc:  2.53328020758 1.34075491623
eval perp and bpc:  2.54197589296 1.34535477591
train perp and bpc:  2.53208913809 1.34007020928
eval perp and bpc:  2.55256675501 1.35132928168
train perp and bpc:  2.53014404503 1.33894073354
eval perp and bpc:  2.55102083331 1.35049733373
train perp and bpc:  2.54498630496 1.34739609803
eval perp and bpc:  2.5490130401 1.34937348327
train perp and bpc:  2.53473623259 1.34158429698
eval perp and bpc:  2.53883356345 1.34356958553
train perp and bpc:  2.53188548508 1.33992817347
eval perp and bpc:  2.54580865532 1.3475411759
train perp and bpc:  2.54252349036 1.34600276509
eval perp and bpc:  2.53710887471 1.34259604431
train perp and bpc:  2.53336078088 1.34079352543
eval perp and bpc:  2.53412804056 1.34088058745
train perp and bpc:  2.5313728151 1.33965838839
eval perp and bpc:  2.538288093 1.34326240469
train perp and bpc:  2.54295702029 1.34624469691
eval perp and bpc:  2.53757151228 1.3428943978
train perp and bpc:  2.53725941824 1.34301465209
eval perp and bpc:  2.54578861643 1.34753096495
train perp and bpc:  2.53589557688 1.34223397634
eval perp and bpc:  2.54167797526 1.34523666296
train perp and bpc:  2.53736834051 1.34307517174
eval perp and bpc:  2.53720058769 1.34266048963
train perp and bpc:  2.53502744155 1.34174979296
eval perp and bpc:  2.54136668268 1.34502160158
train perp and bpc:  2.53221673679 1.34016738358
eval perp and bpc:  2.54706475383 1.34823178072
train perp and bpc:  2.53931089288 1.34417175531
eval perp and bpc:  2.53636801047 1.34219102
train perp and bpc:  2.53243099684 1.34027282199
eval perp and bpc:  2.54374227758 1.34636179736
train perp and bpc:  2.52970492733 1.33870840423
eval perp and bpc:  2.54389167614 1.3464836488
train perp and bpc:  2.53777950507 1.34330543811
eval perp and bpc:  2.53932334556 1.34385712225
train perp and bpc:  2.53258708641 1.34038152579
eval perp and bpc:  2.5383786647 1.34334383832
train perp and bpc:  2.53596071357 1.34226124862
eval perp and bpc:  2.54388229573 1.34647924587
train perp and bpc:  2.53314596574 1.34065730042
eval perp and bpc:  2.59116647283 1.37284413322
train perp and bpc:  2.53570690587 1.34213720321
eval perp and bpc:  2.53183344935 1.33959511851
train perp and bpc:  2.53571489975 1.3421332757
eval perp and bpc:  2.55014870597 1.34998564642
train perp and bpc:  2.53632721804 1.34246615889
eval perp and bpc:  2.54142470438 1.34505764774
train perp and bpc:  2.53217005334 1.34011775171
eval perp and bpc:  2.53145609918 1.3393731938
train perp and bpc:  2.53803159633 1.34346600054
eval perp and bpc:  2.54013031819 1.34432299215
train perp and bpc:  2.53232283245 1.34020684186
eval perp and bpc:  2.55310103151 1.35167606151
train perp and bpc:  2.53571257189 1.34210450637
eval perp and bpc:  2.52788583177 1.33732384541
train perp and bpc:  2.5318090325 1.33989929574
eval perp and bpc:  2.54580399638 1.34755142595
train perp and bpc:  2.53031128576 1.33902618803
eval perp and bpc:  2.5394880928 1.34397052937
train perp and bpc:  2.53950646432 1.34428542738
eval perp and bpc:  2.54122994376 1.34496895212
train perp and bpc:  2.53187405957 1.33993305237
eval perp and bpc:  2.53537711159 1.34161964792
train perp and bpc:  2.54739164027 1.34876180639
eval perp and bpc:  2.53199450305 1.33969917845
train perp and bpc:  2.53679217842 1.34275474646
eval perp and bpc:  2.53796672039 1.34313300203
train perp and bpc:  2.53449946832 1.34142722694
eval perp and bpc:  2.52925456938 1.33812168973
train perp and bpc:  2.52991224949 1.33883120928
eval perp and bpc:  2.54240121998 1.345594027
train perp and bpc:  2.52987873661 1.33878630423
eval perp and bpc:  2.53437115716 1.34105350346
train perp and bpc:  2.54152446597 1.34545071128
eval perp and bpc:  2.54796134448 1.3487741869
train perp and bpc:  2.54716981356 1.34863997465
eval perp and bpc:  2.53693536461 1.34253812032
train perp and bpc:  2.53564613289 1.34207763663
eval perp and bpc:  2.53269434757 1.34008039217
train perp and bpc:  2.53166146692 1.33981435676
eval perp and bpc:  2.53627884583 1.34212736028
train perp and bpc:  2.54047015831 1.3448209656
eval perp and bpc:  2.5307807766 1.33900360983
train perp and bpc:  2.54537282684 1.34761349284
eval perp and bpc:  2.53771724466 1.34299527231
train perp and bpc:  2.53825052123 1.34358593833
eval perp and bpc:  2.53308545957 1.34032106986
train perp and bpc:  2.53808940842 1.34347200927
eval perp and bpc:  2.53850054741 1.34339836191
train perp and bpc:  2.53791923572 1.34339231001
eval perp and bpc:  2.53541357009 1.3416746249
train perp and bpc:  2.53948059606 1.34428156473
eval perp and bpc:  2.53559799663 1.34176320912
train perp and bpc:  2.53439909806 1.34138143093
eval perp and bpc:  2.5245701485 1.3354667562
train perp and bpc:  2.5362694437 1.34244356728
eval perp and bpc:  2.53571310981 1.34183224303
train perp and bpc:  2.53212063827 1.34009513255
eval perp and bpc:  2.53694287675 1.34253076452
train perp and bpc:  2.5354655806 1.34197852864
eval perp and bpc:  2.52202347849 1.33402335253
train perp and bpc:  2.53256940994 1.34032515593
eval perp and bpc:  2.54168977503 1.34523159363
train perp and bpc:  2.52916554047 1.33841287633
eval perp and bpc:  2.5325722069 1.34003363281
train perp and bpc:  2.53670737874 1.34267736547
eval perp and bpc:  2.56726711695 1.35952442396
train perp and bpc:  2.53315836107 1.34067989142
eval perp and bpc:  2.53069925699 1.33896058114
train perp and bpc:  2.53336487358 1.34079622613
eval perp and bpc:  2.53539826831 1.34165237575
train perp and bpc:  2.53159765326 1.33979159251
eval perp and bpc:  2.5302018064 1.3386765953
train perp and bpc:  2.52859556416 1.33807727249
eval perp and bpc:  2.52947711554 1.33825336519
train perp and bpc:  2.52630000857 1.33677825861
eval perp and bpc:  2.53538109435 1.34164560623
train perp and bpc:  2.53739048877 1.34305071831
eval perp and bpc:  2.53074963757 1.33901031095
train perp and bpc:  2.52934900006 1.33850885732
eval perp and bpc:  2.53313373347 1.34034810887
train perp and bpc:  2.5340494126 1.34119263508
eval perp and bpc:  2.52724742889 1.33696999902
train perp and bpc:  2.52866083452 1.33811186541
eval perp and bpc:  2.53693372695 1.34253911698
train perp and bpc:  2.53311315685 1.34066945885
eval perp and bpc:  2.53959941864 1.34404861145
train perp and bpc:  2.52956451889 1.33862146031
eval perp and bpc:  2.53395578119 1.34081189163
train perp and bpc:  2.53484999144 1.34163716744
eval perp and bpc:  2.54361187435 1.34630708812
train perp and bpc:  2.53009859112 1.33893052706
eval perp and bpc:  2.53749508154 1.34284504711
train perp and bpc:  2.52778062144 1.3376027265
eval perp and bpc:  2.53648476913 1.34229411844
train perp and bpc:  2.53629163125 1.34246852602
eval perp and bpc:  2.53502927061 1.34145678262
train perp and bpc:  2.52892750037 1.33824256082
eval perp and bpc:  2.53606111495 1.34204006977
train perp and bpc:  2.53294646238 1.34055890586
eval perp and bpc:  2.5272160319 1.33696107005
train perp and bpc:  2.52923765128 1.33842431129
eval perp and bpc:  2.52890468816 1.33791642893
train perp and bpc:  2.53078253668 1.33930864066
eval perp and bpc:  2.54728688178 1.34834933672
train perp and bpc:  2.52935256934 1.33851238412
eval perp and bpc:  2.5338300447 1.34076023102
train perp and bpc:  2.52632430047 1.33675900836
eval perp and bpc:  2.53170730638 1.33950279189
train perp and bpc:  2.52462003423 1.3357896176
eval perp and bpc:  2.53287728106 1.34019140533
train perp and bpc:  2.53626707626 1.34245330438
eval perp and bpc:  2.58470936681 1.36919570751
train perp and bpc:  2.5288567881 1.33820110415
eval perp and bpc:  2.53453897648 1.34115764352
train perp and bpc:  2.52671419067 1.33698000198
eval perp and bpc:  2.53393680932 1.3408084971
train perp and bpc:  2.52584802998 1.33650189433
eval perp and bpc:  2.53254575026 1.33998063158
train perp and bpc:  2.53394519415 1.34111396045
eval perp and bpc:  2.53797517057 1.34311440343
train perp and bpc:  2.52671469339 1.33700430545
eval perp and bpc:  2.52631815144 1.33646452231
train perp and bpc:  2.54244101306 1.34594683827
eval perp and bpc:  2.5449912079 1.34708085803
train perp and bpc:  2.5306575755 1.33924515585
eval perp and bpc:  2.52630050065 1.33644206211
train perp and bpc:  2.52886369189 1.3382186844
eval perp and bpc:  2.52739228186 1.33709144788
train perp and bpc:  2.52620444627 1.33671328878
eval perp and bpc:  2.52650617381 1.33655914322
train perp and bpc:  2.53299982003 1.3405861716
eval perp and bpc:  2.5262449843 1.33636640916
train perp and bpc:  2.52876292852 1.33815166305
eval perp and bpc:  2.55372963186 1.35202595054
train perp and bpc:  2.54143485986 1.34537598274
eval perp and bpc:  2.52236257225 1.3341973082
train perp and bpc:  2.5270413847 1.33716801757
eval perp and bpc:  2.53178433512 1.33958512251
train perp and bpc:  2.53329331178 1.34076477513
eval perp and bpc:  2.53879279778 1.34361338615
train perp and bpc:  2.52743615562 1.33740974888
eval perp and bpc:  2.5303590884 1.33874310822
train perp and bpc:  2.52401560598 1.33544701939
eval perp and bpc:  2.53001544515 1.33856436659
train perp and bpc:  2.53396981429 1.34113881932
eval perp and bpc:  2.53239981464 1.33993747391
train perp and bpc:  2.52679477676 1.3370379138
eval perp and bpc:  2.53905858368 1.34371804605
train perp and bpc:  2.52626967887 1.33675493104
eval perp and bpc:  2.53326010313 1.34042637075
train perp and bpc:  2.5311175903 1.33951367714
eval perp and bpc:  2.53274536524 1.34011711644
train perp and bpc:  2.52656373363 1.33690719069
eval perp and bpc:  2.53091105477 1.33909477171
train perp and bpc:  2.52385954625 1.33537155732
eval perp and bpc:  2.52984300207 1.33844641388
train perp and bpc:  2.53107554124 1.33949246123
eval perp and bpc:  2.5261870564 1.33638385476
train perp and bpc:  2.52583969842 1.336479664
eval perp and bpc:  2.52756205543 1.33715952224
train perp and bpc:  2.53086479596 1.33937217906
eval perp and bpc:  2.54003928138 1.34426123002
train perp and bpc:  2.52821616438 1.33784287186
eval perp and bpc:  2.5273518406 1.33703161068
learning rate 0.0002
test perp and bpc:  2.45888616728 1.29757998819
train perp and bpc:  2.46074012169 1.29867379845
eval perp and bpc:  2.4897431741 1.31539226946
train perp and bpc:  2.42414953639 1.27715017954
eval perp and bpc:  2.48241106018 1.31115307378
train perp and bpc:  2.40746197755 1.26721584264
eval perp and bpc:  2.48045577768 1.310006042
train perp and bpc:  2.41326961298 1.27071374358
eval perp and bpc:  2.47557581839 1.30716237279
train perp and bpc:  2.38905617256 1.25616214817
eval perp and bpc:  2.4760716665 1.30743865302
train perp and bpc:  2.38034626107 1.2508973477
eval perp and bpc:  2.47202097002 1.30507855533
train perp and bpc:  2.38412095243 1.25320629842
eval perp and bpc:  2.46780425212 1.30259488841
train perp and bpc:  2.37598747982 1.24823135282
eval perp and bpc:  2.46898159434 1.30327497545
train perp and bpc:  2.36665853565 1.24257294139
eval perp and bpc:  2.46742829729 1.30237773989
train perp and bpc:  2.36017059732 1.23861259428
eval perp and bpc:  2.46390921561 1.30031346102
train perp and bpc:  2.36298470327 1.24035449823
eval perp and bpc:  2.4612541785 1.29875610891
train perp and bpc:  2.35787404939 1.23723156455
eval perp and bpc:  2.46295491203 1.29974487375
train perp and bpc:  2.35170246845 1.23343100326
eval perp and bpc:  2.45952847356 1.29774022493
train perp and bpc:  2.36655225912 1.24251953928
eval perp and bpc:  2.45890997277 1.29737749451
train perp and bpc:  2.34777597571 1.23104483795
eval perp and bpc:  2.45948625783 1.29770613889
train perp and bpc:  2.34371844105 1.22854103119
eval perp and bpc:  2.46145907386 1.29883124203
train perp and bpc:  2.33954848701 1.22595905664
eval perp and bpc:  2.45968505203 1.29781671235
train perp and bpc:  2.34066120235 1.22665871986
eval perp and bpc:  2.45971096148 1.29783160178
train perp and bpc:  2.33603600828 1.22380733444
eval perp and bpc:  2.46130559484 1.29875407649
train perp and bpc:  2.33494147487 1.22311835834
eval perp and bpc:  2.45873793618 1.29723971007
train perp and bpc:  2.33077552157 1.22055872038
eval perp and bpc:  2.45987117877 1.29791282435
train perp and bpc:  2.32714832027 1.21831533918
eval perp and bpc:  2.45811825502 1.29687170513
train perp and bpc:  2.32469438197 1.21676974354
eval perp and bpc:  2.46145733458 1.29883207454
train perp and bpc:  2.32046919947 1.21416123602
eval perp and bpc:  2.46045305299 1.29824274681
train perp and bpc:  2.33024902514 1.22019738058
eval perp and bpc:  2.45764173836 1.29660496165
train perp and bpc:  2.31836217786 1.21286231028
eval perp and bpc:  2.4558779568 1.29552894147
train perp and bpc:  2.31420535359 1.2102489004
eval perp and bpc:  2.45743364584 1.29644887174
train perp and bpc:  2.3237013491 1.21615378229
eval perp and bpc:  2.45584549669 1.29553249039
train perp and bpc:  2.31269043585 1.20932662015
eval perp and bpc:  2.4580668895 1.29684388833
train perp and bpc:  2.31037048788 1.20785844996
eval perp and bpc:  2.45819383762 1.29690565828
train perp and bpc:  2.32006906519 1.21389819333
eval perp and bpc:  2.45324920826 1.29401562839
train perp and bpc:  2.31545529847 1.21104950055
eval perp and bpc:  2.46099280138 1.29855147346
train perp and bpc:  2.31205959765 1.20889472505
eval perp and bpc:  2.45375963117 1.29432174612
train perp and bpc:  2.30886107569 1.20690465095
eval perp and bpc:  2.451309251 1.29284777016
train perp and bpc:  2.30962431568 1.20739734493
eval perp and bpc:  2.45544971794 1.29530033127
train perp and bpc:  2.30581264995 1.20502852328
eval perp and bpc:  2.45411666495 1.29451006944
train perp and bpc:  2.33016234705 1.22017064588
eval perp and bpc:  2.44663881474 1.29013378503
train perp and bpc:  2.30291225536 1.20320496416
eval perp and bpc:  2.45597761185 1.29560498527
train perp and bpc:  2.29954361063 1.20108261967
eval perp and bpc:  2.45553279314 1.29532786666
train perp and bpc:  2.30735404799 1.20596761387
eval perp and bpc:  2.45329580542 1.29405580779
train perp and bpc:  2.29750952197 1.19982707912
eval perp and bpc:  2.44907821202 1.29154241085
train perp and bpc:  2.30512031041 1.20458744464
eval perp and bpc:  2.44953399799 1.29182471604
train perp and bpc:  2.3010586526 1.20203064776
eval perp and bpc:  2.45463689038 1.29480420175
train perp and bpc:  2.29658748759 1.19925490391
eval perp and bpc:  2.45436534334 1.29465555754
train perp and bpc:  2.2995206853 1.20107178365
eval perp and bpc:  2.44967630261 1.2918512274
train perp and bpc:  2.29571175971 1.19865537284
eval perp and bpc:  2.45441447321 1.29465031819
train perp and bpc:  2.29408151741 1.19763539882
eval perp and bpc:  2.45672746174 1.29601199119
train perp and bpc:  2.29096393932 1.19568505872
eval perp and bpc:  2.45515935147 1.29510823625
train perp and bpc:  2.28903385597 1.19446537108
eval perp and bpc:  2.45594944329 1.29558082682
train perp and bpc:  2.29896423613 1.20071605187
eval perp and bpc:  2.45498640029 1.29500117067
train perp and bpc:  2.29419913816 1.19774690579
eval perp and bpc:  2.44724901778 1.29041720609
train perp and bpc:  2.29083223118 1.19560856898
eval perp and bpc:  2.454368861 1.29458726625
train perp and bpc:  2.2890353824 1.19448447745
eval perp and bpc:  2.44868373871 1.29129673223
train perp and bpc:  2.28734604548 1.19343536156
eval perp and bpc:  2.45790087981 1.2967098795
train perp and bpc:  2.29299778256 1.19696718416
eval perp and bpc:  2.45523414065 1.29512695797
train perp and bpc:  2.28436105248 1.191546093
eval perp and bpc:  2.45660616531 1.29595435838
train perp and bpc:  2.28937826881 1.19470710575
eval perp and bpc:  2.45401684573 1.29441619115
train perp and bpc:  2.28716005798 1.1932909274
eval perp and bpc:  2.45261443638 1.29360525725
train perp and bpc:  2.28579374139 1.19245738758
eval perp and bpc:  2.45594709818 1.29554282837
train perp and bpc:  2.285333029 1.19211959641
eval perp and bpc:  2.44913583896 1.29154613956
train perp and bpc:  2.28300034741 1.1906756219
eval perp and bpc:  2.45164752788 1.29301966214
train perp and bpc:  2.28575667872 1.19243721609
eval perp and bpc:  2.4522237895 1.29335831423
train perp and bpc:  2.2819954064 1.1900506353
eval perp and bpc:  2.4531226549 1.29389390203
train perp and bpc:  2.31200200022 1.20886120516
eval perp and bpc:  2.44764870894 1.29067773311
learning rate 4e-05
test perp and bpc:  2.38577782935 1.25393038556
train perp and bpc:  2.28448225834 1.19159146089
eval perp and bpc:  2.44716669302 1.29039496867
train perp and bpc:  2.28120201027 1.18951201226
eval perp and bpc:  2.44415325024 1.2886341009
train perp and bpc:  2.27157557239 1.1834345042
eval perp and bpc:  2.44501613789 1.28913284521
train perp and bpc:  2.27404754494 1.18496812121
eval perp and bpc:  2.44524541448 1.28928358438
train perp and bpc:  2.2699474853 1.18240868101
eval perp and bpc:  2.44330422214 1.28813308966
train perp and bpc:  2.26731599123 1.18069317423
eval perp and bpc:  2.4444593797 1.28881022774
train perp and bpc:  2.26484858883 1.17913172817
eval perp and bpc:  2.44283878608 1.28785420637
train perp and bpc:  2.26213985933 1.17743181817
eval perp and bpc:  2.44631074296 1.28989466292
train perp and bpc:  2.25984800029 1.17594891688
eval perp and bpc:  2.44664660047 1.29007982035
train perp and bpc:  2.25739463688 1.17440567635
eval perp and bpc:  2.4456941417 1.28952835232
train perp and bpc:  2.25626692248 1.17369050891
eval perp and bpc:  2.44618450227 1.2898096667
train perp and bpc:  2.25694190588 1.17408026072
eval perp and bpc:  2.44727407127 1.29043981677
train perp and bpc:  2.2537514591 1.17209068965
eval perp and bpc:  2.44530684049 1.28929696904
train perp and bpc:  2.25562420537 1.1732358631
eval perp and bpc:  2.44497904621 1.28910116485
train perp and bpc:  2.25341906127 1.1718573826
eval perp and bpc:  2.44265014226 1.28772952713
train perp and bpc:  2.25144528064 1.1705975735
eval perp and bpc:  2.44441769944 1.28877459784
train perp and bpc:  2.25044202256 1.16993432164
eval perp and bpc:  2.44318101445 1.28803923677
train perp and bpc:  2.2488595468 1.16890937798
eval perp and bpc:  2.44508440768 1.28916811552
train perp and bpc:  2.24756908721 1.16810103638
eval perp and bpc:  2.44606330747 1.28973465474
train perp and bpc:  2.24815255381 1.16848039718
eval perp and bpc:  2.44530090348 1.28928372899
train perp and bpc:  2.24637127623 1.16735550057
eval perp and bpc:  2.44543685288 1.28937346427
train perp and bpc:  2.24519748158 1.16657269945
eval perp and bpc:  2.44421154945 1.288646698
train perp and bpc:  2.24417074795 1.16594375428
eval perp and bpc:  2.44286958116 1.28786080783
train perp and bpc:  2.24237600536 1.1647846411
eval perp and bpc:  2.44429456211 1.28867794842
train perp and bpc:  2.24327248997 1.16535010846
eval perp and bpc:  2.4439336511 1.28848650807
train perp and bpc:  2.24114812471 1.16399398648
eval perp and bpc:  2.44538834056 1.28933484828
train perp and bpc:  2.23955509306 1.16297021893
eval perp and bpc:  2.44577094375 1.28957698775
train perp and bpc:  2.24166749446 1.16429418805
eval perp and bpc:  2.44571288687 1.28952309343
train perp and bpc:  2.23913131911 1.16266600382
eval perp and bpc:  2.44587559387 1.28961270364
learning rate 8e-06
test perp and bpc:  2.38026711561 1.25055955977
train perp and bpc:  2.2483039697 1.16856842571
eval perp and bpc:  2.44311747785 1.28800298738
train perp and bpc:  2.24720442432 1.16786522533
eval perp and bpc:  2.44304515886 1.2879676213
train perp and bpc:  2.24672314155 1.167531997
eval perp and bpc:  2.44351558216 1.28822159963
train perp and bpc:  2.2453610958 1.16670633626
eval perp and bpc:  2.44385956545 1.28843075721
train perp and bpc:  2.24539412149 1.16671580206
eval perp and bpc:  2.44186128554 1.28727974853
train perp and bpc:  2.24415000828 1.16592753817
eval perp and bpc:  2.44451677604 1.28881938145
train perp and bpc:  2.24320127011 1.16529904959
eval perp and bpc:  2.44436873373 1.28874443398
train perp and bpc:  2.24354088017 1.16553238069
eval perp and bpc:  2.44392256268 1.28848417665
train perp and bpc:  2.24415930264 1.16588962383
eval perp and bpc:  2.44301317559 1.28792206772
train perp and bpc:  2.24178827098 1.16439471635
eval perp and bpc:  2.44273109905 1.28777986081
train perp and bpc:  2.24130419022 1.16409109166
eval perp and bpc:  2.44404689992 1.28855659727
train perp and bpc:  2.24153051492 1.16422562139
eval perp and bpc:  2.44308061678 1.2879852975
train perp and bpc:  2.24046952849 1.16354453168
eval perp and bpc:  2.44396880025 1.28850032462
learning rate 1.6e-06
test perp and bpc:  2.37886151369 1.2497321851
test perp and bpc:  2.38476405282 1.25331389558
